---------------------
Begin Memory State
---------------------
0x00000000: 0x7f454c46 0x01020100 0x00000000 0x00000000 0x00010008 
0x00000014: 0x00000001 0x00000000 0x00000000 0x00000204 0x00001000 
0x00000028: 0x00340000 0x00000028 0x000b0008 0x00000000 0x00000000 
0x0000003c: 0x00000000 0x24080044 0x240d0074 0x8dad0000 0x240a0001 
0x00000050: 0xad0a0000 0xad0a0004 0x21a9fffe 0x8d0b0000 0x8d0c0004 
0x00000064: 0x00000000 0x016c5020 0xad0a0008 0x21080004 0x2129ffff 
0x00000078: 0x1d20fff8 0x00000000 0xfeedfeed 0x00000000 0x00000000 
0x0000008c: 0x00000000 0x00000000 0x00000000 0x00000000 0x00000000 
0x000000a0: 0x00000000 0x00000000 0x00000000 0x00000000 0x00000000 
0x000000b4: 0x0000000c 0x00000000 0x00000000 0x00003f00 0x00000000 
0x000000c8: 0x00000000 0x00000000 0x00000000 0x00000000 0x00000100 
0x000000dc: 0x01010001 0x00000000 0x00000000 0x00000000 0x00000000 
0x000000f0: 0x41000000 0x0f676e75 0x00010000 0x00070401 0x00000000 
0x00000104: 0x00000000 0x00000000 0x00000000 0x00000000 0x00000000 
0x00000118: 0x00000000 0x03000001 0x00000000 0x00000000 0x00000000 
0x0000012c: 0x03000002 0x00000000 0x00000000 0x00000000 0x03000003 
0x00000140: 0x00000001 0x00000000 0x00000000 0x00000001 0x00000006 
0x00000154: 0x0000001c 0x00000000 0x00000001 0x00000000 0x00000000 
0x00000168: 0x00000000 0x03000004 0x00000000 0x00000000 0x00000000 
0x0000017c: 0x03000005 0x00000000 0x00000000 0x00000000 0x03000006 
0x00000190: 0x00000000 0x00000000 0x00000000 0x03000007 0x006d6169 
0x000001a4: 0x6e006c6f 0x6f700000 0x2e73796d 0x74616200 0x2e737472 
0x000001b8: 0x74616200 0x2e736873 0x74727461 0x62002e74 0x65787400 
0x000001cc: 0x2e646174 0x61002e62 0x7373002e 0x72656769 0x6e666f00 
0x000001e0: 0x2e4d4950 0x532e6162 0x69666c61 0x6773002e 0x70647200 
---------------------
End Memory State
---------------------
